[2024-01-17 17:50:23] [127.0.0.1] [error] Controller not found.
[2024-01-17 21:22:49] [error] 'Main' component class not found.
[2024-01-17 21:23:45] [error] 'Main' component class not found.
[2024-01-17 21:23:46] [error] 'Main' component class not found.
[2024-01-17 21:23:47] [error] 'Main' component class not found.
[2024-01-17 21:23:47] [error] 'Main' component class not found.
[2024-01-17 21:23:48] [error] 'Main' component class not found.
[2024-01-17 21:25:32] [error] 'Main' component class not found.
[2024-01-17 21:27:13] [error] 'Main' component class not found.
[2024-01-17 21:27:31] [error] 'Main' component class not found.
[2024-01-17 21:27:33] [error] 'Main' component class not found.
[2024-01-17 21:28:36] [error] 'Main' component class not found.
[2024-01-17 21:29:17] [error] 'Main' component class not found.
[2024-01-17 21:42:12] [error] 'Main' component class not found.
[2024-01-17 21:44:12] [error] 'Main' component class not found.
[2024-01-17 21:47:13] [error] 'Main' component class not found.
[2024-01-17 21:47:24] [error] 'Main' component class not found.
[2024-01-17 21:47:48] [error] 'Main' component class not found.
[2024-01-17 21:48:49] [error] 'Main' component class not found.
[2024-01-17 21:49:11] [error] 'Main' component class not found.
[2024-01-17 21:49:22] [error] 'Main' component class not found.
[2024-01-17 21:49:41] [error] 'Main' component class not found.
[2024-01-17 21:49:46] [error] 'Main' component class not found.
[2024-01-17 21:49:46] [error] 'Main' component class not found.
[2024-01-17 21:50:22] [error] 'Main' component class not found.
[2024-01-17 21:51:00] [error] 'Main' component class not found.
[2024-01-17 21:51:05] [error] 'Main' component class not found.
[2024-01-17 21:51:13] [error] 'Main' component class not found.
[2024-01-17 21:51:20] [error] 'Main' component class not found.
[2024-01-17 21:51:32] [error] 'Main' component class not found.
[2024-01-17 21:52:27] [error] 'Main' component class not found.
[2024-01-17 21:52:29] [error] 'Main' component class not found.
[2024-01-17 21:53:13] [error] 'Main' component class not found.
[2024-01-17 21:59:44] [error] 'Main' component class not found.
[2024-01-17 22:02:47] [error] 'Main' component class not found.
[2024-01-17 22:03:41] [error] 'Main' component class not found.
[2024-01-17 22:07:23] [error] 'Main' component class not found.
[2024-01-17 22:07:32] [error] 'Main' component class not found.
[2024-01-17 22:09:06] [error] 'Main' component class not found.
[2024-01-17 22:09:28] [error] 'Main' component class not found.
[2024-01-17 22:09:46] [error] 'Main' component class not found.
[2024-01-17 22:09:54] [error] 'Main' component class not found.
[2024-01-17 22:11:18] [error] 'Main' component class not found.
[2024-01-17 22:11:31] [error] 'Main' component class not found.
[2024-01-17 22:12:25] [error] 'Main' component class not found.
[2024-01-17 22:12:56] [error] 'Main' component class not found.
[2024-01-17 22:13:23] [error] 'Main' component class not found.
[2024-01-17 22:14:10] [error] 'Main' component class not found.
[2024-01-17 22:14:26] [error] 'Main' component class not found.
[2024-01-17 22:14:36] [error] 'Main' component class not found.
[2024-01-17 22:15:00] [error] 'Main' component class not found.
[2024-01-17 22:18:36] [error] 'Main' component class not found.
[2024-01-17 22:24:52] [error] 'Main' component class not found.
[2024-01-17 22:25:18] [error] 'Main' component class not found.
[2024-01-17 22:25:53] [error] 'Main' component class not found.
[2024-01-17 22:25:56] [error] 'Main' component class not found.
[2024-01-17 22:26:28] [error] 'Main' component class not found.
[2024-01-18 09:35:21] [error] 'Main' component class not found.
[2024-01-18 09:36:07] [error] 'Main' component class not found.
[2024-01-18 09:36:39] [error] 'Main' component class not found.
[2024-01-18 09:38:44] [error] 'Main' component class not found.
[2024-01-18 09:39:58] [error] 'Main' component class not found.
[2024-01-18 09:41:16] [error] 'Main' component class not found.
[2024-01-18 09:42:59] [error] 'Main' component class not found.
[2024-01-18 09:43:01] [error] 'Main' component class not found.
[2024-01-18 09:43:10] [error] 'Main' component class not found.
[2024-01-18 09:43:33] [error] 'Main' component class not found.
[2024-01-19 11:56:14] [error] '/Teste' page not found in routes file.
[2024-01-19 11:56:14] [error] '/Teste' page not found in routes file.
[2024-01-19 11:56:17] [error] '/Produto' page not found in routes file.
[2024-01-19 11:56:17] [error] '/Produto' page not found in routes file.
[2024-01-19 12:09:45] [error] '/Produto' page not found in routes file.
[2024-01-19 12:09:45] [error] '/Produto' page not found in routes file.
[2024-01-19 12:09:48] [error] '/Comandos' page not found in routes file.
[2024-01-19 12:09:48] [error] '/Comandos' page not found in routes file.
[2024-01-19 13:57:21] [error] '/Produto' page not found in routes file.
[2024-01-19 13:57:21] [error] '/Produto' page not found in routes file.
[2024-01-19 13:57:51] [error] '/Produto' page not found in routes file.
[2024-01-19 13:57:51] [error] '/Produto' page not found in routes file.
[2024-01-19 13:57:53] [error] '/Produto' page not found in routes file.
[2024-01-19 13:57:53] [error] '/Produto' page not found in routes file.
[2024-01-19 13:58:10] [error] '/Produto' page not found in routes file.
[2024-01-19 13:58:12] [error] '/Produto' page not found in routes file.
[2024-01-19 13:58:37] [error] '/Produto' page not found in routes file.
[2024-01-19 13:59:02] [error] '/Produto' page not found in routes file.
[2024-01-19 13:59:02] [error] '/Produto' page not found in routes file.
[2024-01-19 13:59:05] [error] '/Docs' page not found in routes file.
[2024-01-19 13:59:05] [error] '/Docs' page not found in routes file.
[2024-01-19 13:59:10] [error] '/Docs' page not found in routes file.
[2024-01-19 13:59:39] [error] '/Docs' page not found in routes file.
[2024-01-19 13:59:40] [error] '/Docs' page not found in routes file.
[2024-01-19 13:59:40] [error] '/Docs' page not found in routes file.
[2024-01-19 13:59:40] [error] '/Docs' page not found in routes file.
[2024-01-19 14:00:18] [error] '/Docs' page not found in routes file.
[2024-01-19 14:01:00] [error] '/Docs' page not found in routes file.
[2024-01-19 14:01:02] [error] '/Produto' page not found in routes file.
[2024-01-19 14:01:05] [error] '/Produto' page not found in routes file.
[2024-01-19 14:01:06] [error] '/Docs' page not found in routes file.
[2024-01-19 14:01:22] [error] '/Docs' page not found in routes file.
[2024-01-19 14:01:26] [error] '/Produto' page not found in routes file.
[2024-01-19 14:01:28] [error] '/Docs' page not found in routes file.
[2024-01-19 14:01:29] [error] '/Produto' page not found in routes file.
[2024-01-19 14:01:41] [error] '/Produto' page not found in routes file.
[2024-01-19 14:01:42] [error] '/Produto' page not found in routes file.
[2024-01-19 14:01:42] [error] '/Docs' page not found in routes file.
[2024-01-19 14:01:43] [error] '/Produto' page not found in routes file.
[2024-01-19 14:10:10] [error] '/Produto' page not found in routes file.
[2024-01-19 14:10:11] [error] '/Docs' page not found in routes file.
[2024-01-19 14:10:12] [error] '/Produto' page not found in routes file.
[2024-01-19 14:10:13] [error] '/Docs' page not found in routes file.
[2024-01-19 14:11:34] [error] '/Produto' page not found in routes file.
[2024-01-19 14:11:38] [error] '/Docs' page not found in routes file.
[2024-01-19 14:16:48] [error] '/Example' page not found in routes file.
[2024-01-19 14:17:06] [error] '/Example' page not found in routes file.
[2024-01-19 14:17:07] [error] '/Docs' page not found in routes file.
[2024-01-19 14:17:07] [error] '/Example' page not found in routes file.
[2024-01-19 14:17:08] [error] '/Docs' page not found in routes file.
[2024-01-19 14:17:09] [error] '/Example' page not found in routes file.
[2024-01-19 14:21:21] [error] '/Example' page not found in routes file.
[2024-01-19 14:21:22] [error] '/Docs' page not found in routes file.
[2024-01-19 14:22:21] [error] '/Docs' page not found in routes file.
[2024-01-19 14:22:36] [error] '/Docs' page not found in routes file.
[2024-01-19 14:24:56] [error] '/Docs' page not found in routes file.
[2024-01-19 14:27:48] [error] '/Docs' page not found in routes file.
[2024-01-19 14:30:14] [error] '/Docs' page not found in routes file.
[2024-01-19 14:30:15] [error] '/Docs' page not found in routes file.
[2024-01-19 14:32:48] [error] '/Docs' page not found in routes file.
[2024-01-19 14:32:57] [error] '/Docs' page not found in routes file.
[2024-01-19 14:32:58] [error] '/Docs' page not found in routes file.
[2024-01-19 14:33:12] [error] '/Docs' page not found in routes file.
[2024-01-19 14:33:13] [error] '/Docs' page not found in routes file.
[2024-01-19 14:33:21] [error] '/Docs' page not found in routes file.
[2024-01-19 14:33:23] [error] '/Docs' page not found in routes file.
[2024-01-19 14:33:45] [error] '/Docs' page not found in routes file.
[2024-01-19 14:34:27] [error] '/Docs' page not found in routes file.
[2024-01-19 14:34:28] [error] '/Docs' page not found in routes file.
[2024-01-19 14:35:30] [error] '/Docs' page not found in routes file.
[2024-01-19 14:35:34] [error] '/Example' page not found in routes file.
[2024-01-19 14:35:35] [error] '/Docs' page not found in routes file.
[2024-01-19 14:35:36] [error] '/Example' page not found in routes file.
[2024-01-19 14:35:37] [error] '/Example' page not found in routes file.
[2024-01-19 14:35:38] [error] '/Docs' page not found in routes file.
[2024-01-19 14:36:10] [error] '/Example' page not found in routes file.
[2024-01-19 14:36:11] [error] '/Docs' page not found in routes file.
[2024-01-19 14:36:13] [error] '/Example' page not found in routes file.
[2024-01-19 14:36:45] [error] '/Example' page not found in routes file.
[2024-01-19 14:36:46] [error] '/Docs' page not found in routes file.
[2024-01-19 14:36:47] [error] '/Example' page not found in routes file.
[2024-01-19 14:36:49] [error] '/Example' page not found in routes file.
[2024-01-19 14:36:50] [error] '/Docs' page not found in routes file.
[2024-01-19 14:36:50] [error] '/Example' page not found in routes file.
[2024-01-19 14:36:52] [error] '/Example' page not found in routes file.
[2024-01-19 14:36:52] [error] '/Docs' page not found in routes file.
[2024-01-19 14:39:59] [error] '/Docs' page not found in routes file.
[2024-01-19 14:40:10] [error] '/Docs' page not found in routes file.
[2024-01-19 14:40:21] [error] '/Docs' page not found in routes file.
[2024-01-19 14:42:18] [error] '/Docs' page not found in routes file.
[2024-01-19 14:42:19] [error] '/Docs' page not found in routes file.
[2024-01-19 14:42:20] [error] '/Example' page not found in routes file.
[2024-01-19 14:42:22] [error] '/Docs' page not found in routes file.
[2024-01-19 14:42:42] [error] '/Docs' page not found in routes file.
[2024-01-19 14:42:58] [error] '/Docs' page not found in routes file.
[2024-01-19 14:43:21] [error] '/Docs' page not found in routes file.
[2024-01-19 14:43:22] [error] '/Docs' page not found in routes file.
[2024-01-19 14:44:46] [error] '/Docs' page not found in routes file.
[2024-01-19 14:44:49] [error] '/Example' page not found in routes file.
[2024-01-19 14:44:56] [error] '/Example' page not found in routes file.
[2024-01-19 14:44:56] [error] '/Docs' page not found in routes file.
[2024-01-19 14:45:19] [error] '/Docs' page not found in routes file.
[2024-01-19 14:45:22] [error] '/Example' page not found in routes file.
[2024-01-19 14:45:23] [error] '/Docs' page not found in routes file.
[2024-01-19 14:45:24] [error] '/Example' page not found in routes file.
[2024-01-19 14:45:25] [error] '/Example' page not found in routes file.
[2024-01-19 14:45:25] [error] '/Docs' page not found in routes file.
[2024-01-19 14:48:10] [error] '/Docs' page not found in routes file.
[2024-01-19 14:49:14] [error] '/Docs' page not found in routes file.
[2024-01-19 14:49:39] [error] '/Docs' page not found in routes file.
[2024-01-19 14:49:40] [error] '/Docs' page not found in routes file.
[2024-01-19 14:50:31] [error] '/Docs' page not found in routes file.
[2024-01-19 14:51:13] [error] '/Docs' page not found in routes file.
[2024-01-19 14:51:58] [error] '/Docs' page not found in routes file.
[2024-01-19 14:51:59] [error] '/Docs' page not found in routes file.
[2024-01-19 14:53:03] [error] '/Docs' page not found in routes file.
[2024-01-19 14:53:04] [error] '/Docs' page not found in routes file.
[2024-01-19 14:53:25] [error] '/Docs' page not found in routes file.
[2024-01-19 14:53:27] [error] '/Docs' page not found in routes file.
[2024-01-19 14:53:28] [error] '/Example' page not found in routes file.
[2024-01-19 14:53:29] [error] '/Docs' page not found in routes file.
[2024-01-19 14:53:41] [error] '/Docs' page not found in routes file.
[2024-01-19 14:54:06] [error] '/Docs' page not found in routes file.
[2024-01-19 14:54:07] [error] '/Docs' page not found in routes file.
[2024-01-19 14:54:09] [error] '/Example' page not found in routes file.
[2024-01-19 14:54:35] [error] '/Example' page not found in routes file.
[2024-01-19 14:54:35] [error] '/Docs' page not found in routes file.
[2024-01-19 14:54:36] [error] '/Example' page not found in routes file.
[2024-01-19 14:54:38] [error] '/Example' page not found in routes file.
[2024-01-19 14:54:38] [error] '/Docs' page not found in routes file.
[2024-01-19 14:54:38] [error] '/Example' page not found in routes file.
[2024-01-19 14:54:39] [error] '/Example' page not found in routes file.
[2024-01-19 14:54:40] [error] '/Example' page not found in routes file.
[2024-01-19 14:54:41] [error] '/Docs' page not found in routes file.
[2024-01-19 14:54:42] [error] '/Example' page not found in routes file.
[2024-01-19 14:58:48] [error] '/Example' page not found in routes file.
[2024-01-19 14:58:48] [error] '/Docs' page not found in routes file.
[2024-01-19 14:58:49] [error] '/Example' page not found in routes file.
[2024-01-19 14:58:50] [error] '/Example' page not found in routes file.
[2024-01-19 14:58:50] [error] '/Docs' page not found in routes file.
[2024-01-19 14:58:51] [error] '/Example' page not found in routes file.
[2024-01-19 14:59:06] [error] '/Example' page not found in routes file.
[2024-01-19 14:59:07] [error] '/Docs' page not found in routes file.
[2024-01-19 14:59:08] [error] '/Example' page not found in routes file.
[2024-01-19 14:59:09] [error] '/Docs' page not found in routes file.
[2024-01-19 14:59:10] [error] '/Example' page not found in routes file.
[2024-01-19 14:59:11] [error] '/Example' page not found in routes file.
[2024-01-19 14:59:11] [error] '/Docs' page not found in routes file.
[2024-01-19 14:59:35] [error] '/Example' page not found in routes file.
[2024-01-19 15:01:50] [error] '/Example' page not found in routes file.
[2024-01-19 15:03:56] [error] '/Example' page not found in routes file.
[2024-01-19 15:03:57] [error] '/Example' page not found in routes file.
[2024-01-19 15:04:40] [error] '/Example' page not found in routes file.
[2024-01-19 15:05:05] [error] '/Example' page not found in routes file.
[2024-01-19 15:19:27] [error] '/Example' page not found in routes file.
[2024-01-19 15:19:38] [error] '/Example' page not found in routes file.
[2024-01-19 15:20:24] [error] '/Example' page not found in routes file.
[2024-01-19 15:20:42] [error] '/Example' page not found in routes file.
[2024-01-19 15:20:43] [error] '/Docs' page not found in routes file.
[2024-01-19 15:20:44] [error] '/Example' page not found in routes file.
[2024-01-19 15:20:47] [error] '/Example' page not found in routes file.
[2024-01-19 15:54:36] [error] '/Example' page not found in routes file.
[2024-01-19 15:54:38] [error] '/Example' page not found in routes file.
[2024-01-19 16:19:04] [error] '/Example' page not found in routes file.
[2024-01-19 16:19:33] [error] '/Example' page not found in routes file.
[2024-01-19 16:19:39] [error] '/Example' page not found in routes file.
[2024-01-19 16:19:44] [error] '/Example' page not found in routes file.
[2024-01-19 16:19:45] [error] '/Example' page not found in routes file.
[2024-01-19 16:19:50] [error] '/Example' page not found in routes file.
[2024-01-19 16:19:58] [error] '/Example' page not found in routes file.
[2024-01-19 16:20:50] [error] '/Example' page not found in routes file.
[2024-01-19 16:20:51] [error] '/Example' page not found in routes file.
[2024-01-19 16:21:47] [error] '/Example' page not found in routes file.
[2024-01-19 16:22:41] [error] '/Example' page not found in routes file.
[2024-01-19 16:22:42] [error] '/Example' page not found in routes file.
[2024-01-19 16:23:45] [error] '/Example' page not found in routes file.
[2024-01-19 16:23:50] [error] '/Example' page not found in routes file.
[2024-01-19 16:24:35] [error] '/Example' page not found in routes file.
[2024-01-19 16:24:36] [error] '/Example' page not found in routes file.
[2024-01-19 16:25:00] [error] '/Example' page not found in routes file.
[2024-01-19 16:25:17] [127.0.0.1] [error] Controller not found.
[2024-01-19 16:25:22] [error] '/Example' page not found in routes file.
[2024-01-19 16:27:29] [error] '/Example' page not found in routes file.
[2024-01-19 16:28:07] [error] '/Example' page not found in routes file.
[2024-01-19 16:28:08] [error] '/Example' page not found in routes file.
[2024-01-19 16:28:36] [error] '/Example' page not found in routes file.
[2024-01-19 16:28:37] [error] '/Example' page not found in routes file.
[2024-01-19 16:28:51] [error] '/Example' page not found in routes file.
[2024-01-19 16:28:59] [error] '/Example' page not found in routes file.
[2024-01-19 16:29:10] [error] '/Example' page not found in routes file.
[2024-01-19 16:29:11] [error] '/Example' page not found in routes file.
[2024-01-19 16:30:16] [error] '/Example' page not found in routes file.
[2024-01-19 16:30:16] [error] '/Example' page not found in routes file.
[2024-01-19 16:30:23] [error] '/Example' page not found in routes file.
[2024-01-19 16:36:00] [error] '/Login' page not found in routes file.
[2024-01-19 16:36:22] [error] '/Login' page not found in routes file.
[2024-01-19 16:36:43] [error] '/Login' page not found in routes file.
[2024-01-20 18:21:30] [error] '/path' page not found in routes file.
[2024-01-22 09:01:09] [127.0.0.1] [error] Controller not found.
